2023-07-25 19:01:26 0 [Note] Starting MariaDB 10.4.28-MariaDB source revision c8f2e9a5c0ac5905f28b050b7df5a9ffd914b7e7 as process 16608
2023-07-25 19:01:26 0 [Note] InnoDB: Mutexes and rw_locks use Windows interlocked functions
2023-07-25 19:01:26 0 [Note] InnoDB: Uses event mutexes
2023-07-25 19:01:26 0 [Note] InnoDB: Compressed tables use zlib 1.2.12
2023-07-25 19:01:26 0 [Note] InnoDB: Number of pools: 1
2023-07-25 19:01:26 0 [Note] InnoDB: Using SSE2 crc32 instructions
2023-07-25 19:01:26 0 [Note] InnoDB: Initializing buffer pool, total size = 16M, instances = 1, chunk size = 16M
2023-07-25 19:01:26 0 [Note] InnoDB: Completed initialization of buffer pool
2023-07-25 19:01:26 0 [Note] InnoDB: Starting crash recovery from checkpoint LSN=300288
2023-07-25 19:01:26 0 [Note] InnoDB: 128 out of 128 rollback segments are active.
2023-07-25 19:01:26 0 [Note] InnoDB: Removed temporary tablespace data file: "ibtmp1"
2023-07-25 19:01:26 0 [Note] InnoDB: Creating shared tablespace for temporary tables
2023-07-25 19:01:26 0 [Note] InnoDB: Setting file 'C:\xampp\mysql\data\ibtmp1' size to 12 MB. Physically writing the file full; Please wait ...
2023-07-25 19:01:26 0 [Note] InnoDB: File 'C:\xampp\mysql\data\ibtmp1' size is now 12 MB.
2023-07-25 19:01:26 0 [Note] InnoDB: 10.4.28 started; log sequence number 300297; transaction id 170
2023-07-25 19:01:26 0 [Note] InnoDB: Loading buffer pool(s) from C:\xampp\mysql\data\ib_buffer_pool
2023-07-25 19:01:26 0 [Note] Plugin 'FEEDBACK' is disabled.
2023-07-25 19:01:26 0 [Note] Server socket created on IP: '::'.
2023-07-25 19:01:26 0 [Note] InnoDB: Buffer pool(s) load completed at 230725 19:01:26
2023-07-25 19:01:26 0 [Note] Reading of all Master_info entries succeeded
2023-07-25 19:01:26 0 [Note] Added new Master_info '' to hash table
2023-07-25 19:01:26 0 [Note] C:\xampp\mysql\bin\mysqld.exe: ready for connections.
Version: '10.4.28-MariaDB'  socket: ''  port: 3306  mariadb.org binary distribution
2023-07-25 20:21:17 0 [Note] C:\xampp\mysql\bin\mysqld.exe (initiated by: unknown): Normal shutdown
2023-07-25 20:21:17 0 [Note] Event Scheduler: Purging the queue. 0 events
2023-07-25 20:21:17 0 [Note] InnoDB: FTS optimize thread exiting.
2023-07-25 20:21:17 0 [Note] InnoDB: Starting shutdown...
2023-07-25 20:21:17 0 [Note] InnoDB: Dumping buffer pool(s) to C:\xampp\mysql\data\ib_buffer_pool
2023-07-25 20:21:17 0 [Note] InnoDB: Instance 0, restricted to 250 pages due to innodb_buf_pool_dump_pct=25
2023-07-25 20:21:17 0 [Note] InnoDB: Buffer pool(s) dump completed at 230725 20:21:17
2023-07-25 20:21:18 0 [Note] InnoDB: Removed temporary tablespace data file: "ibtmp1"
2023-07-25 20:21:18 0 [Note] InnoDB: Shutdown completed; log sequence number 328099; transaction id 232
2023-07-25 20:21:18 0 [Note] C:\xampp\mysql\bin\mysqld.exe: Shutdown complete

2023-07-25 20:21:21 0 [Note] Starting MariaDB 10.4.28-MariaDB source revision c8f2e9a5c0ac5905f28b050b7df5a9ffd914b7e7 as process 18472
2023-07-25 20:21:21 0 [Note] InnoDB: Mutexes and rw_locks use Windows interlocked functions
2023-07-25 20:21:21 0 [Note] InnoDB: Uses event mutexes
2023-07-25 20:21:21 0 [Note] InnoDB: Compressed tables use zlib 1.2.12
2023-07-25 20:21:21 0 [Note] InnoDB: Number of pools: 1
2023-07-25 20:21:21 0 [Note] InnoDB: Using SSE2 crc32 instructions
2023-07-25 20:21:21 0 [Note] InnoDB: Initializing buffer pool, total size = 16M, instances = 1, chunk size = 16M
2023-07-25 20:21:21 0 [Note] InnoDB: Completed initialization of buffer pool
2023-07-25 20:21:21 0 [Note] InnoDB: 128 out of 128 rollback segments are active.
2023-07-25 20:21:21 0 [Note] InnoDB: Creating shared tablespace for temporary tables
2023-07-25 20:21:21 0 [Note] InnoDB: Setting file 'C:\xampp\mysql\data\ibtmp1' size to 12 MB. Physically writing the file full; Please wait ...
2023-07-25 20:21:21 0 [Note] InnoDB: File 'C:\xampp\mysql\data\ibtmp1' size is now 12 MB.
2023-07-25 20:21:21 0 [Note] InnoDB: 10.4.28 started; log sequence number 328099; transaction id 233
2023-07-25 20:21:21 0 [Note] InnoDB: Loading buffer pool(s) from C:\xampp\mysql\data\ib_buffer_pool
2023-07-25 20:21:21 0 [Note] Plugin 'FEEDBACK' is disabled.
2023-07-25 20:21:21 0 [Note] Server socket created on IP: '::'.
2023-07-25 20:21:21 0 [Note] Reading of all Master_info entries succeeded
2023-07-25 20:21:21 0 [Note] Added new Master_info '' to hash table
2023-07-25 20:21:21 0 [Note] C:\xampp\mysql\bin\mysqld.exe: ready for connections.
Version: '10.4.28-MariaDB'  socket: ''  port: 3306  mariadb.org binary distribution
2023-07-25 20:21:21 0 [Note] InnoDB: Buffer pool(s) load completed at 230725 20:21:21
2023-07-25 23:27:04 0 [Note] C:\xampp\mysql\bin\mysqld.exe (initiated by: unknown): Normal shutdown
2023-07-25 23:27:04 0 [Note] InnoDB: FTS optimize thread exiting.
2023-07-25 23:27:04 0 [Note] Event Scheduler: Purging the queue. 0 events
2023-07-25 23:27:04 0 [Note] InnoDB: Starting shutdown...
2023-07-25 23:27:04 0 [Note] InnoDB: Dumping buffer pool(s) to C:\xampp\mysql\data\ib_buffer_pool
2023-07-25 23:27:04 0 [Note] InnoDB: Instance 0, restricted to 250 pages due to innodb_buf_pool_dump_pct=25
2023-07-25 23:27:04 0 [Note] InnoDB: Buffer pool(s) dump completed at 230725 23:27:04
2023-07-25 23:27:05 0 [Note] InnoDB: Removed temporary tablespace data file: "ibtmp1"
2023-07-25 23:27:05 0 [Note] InnoDB: Shutdown completed; log sequence number 328577; transaction id 238
2023-07-25 23:27:05 0 [Note] C:\xampp\mysql\bin\mysqld.exe: Shutdown complete

2023-07-25 23:29:52 0 [Note] Starting MariaDB 10.4.28-MariaDB source revision c8f2e9a5c0ac5905f28b050b7df5a9ffd914b7e7 as process 5324
2023-07-25 23:29:52 0 [Note] InnoDB: Mutexes and rw_locks use Windows interlocked functions
2023-07-25 23:29:52 0 [Note] InnoDB: Uses event mutexes
2023-07-25 23:29:52 0 [Note] InnoDB: Compressed tables use zlib 1.2.12
2023-07-25 23:29:52 0 [Note] InnoDB: Number of pools: 1
2023-07-25 23:29:52 0 [Note] InnoDB: Using SSE2 crc32 instructions
2023-07-25 23:29:52 0 [Note] InnoDB: Initializing buffer pool, total size = 16M, instances = 1, chunk size = 16M
2023-07-25 23:29:52 0 [Note] InnoDB: Completed initialization of buffer pool
2023-07-25 23:29:52 0 [Note] InnoDB: 128 out of 128 rollback segments are active.
2023-07-25 23:29:52 0 [Note] InnoDB: Creating shared tablespace for temporary tables
2023-07-25 23:29:52 0 [Note] InnoDB: Setting file 'C:\xampp\mysql\data\ibtmp1' size to 12 MB. Physically writing the file full; Please wait ...
2023-07-25 23:29:52 0 [Note] InnoDB: File 'C:\xampp\mysql\data\ibtmp1' size is now 12 MB.
2023-07-25 23:29:52 0 [Note] InnoDB: Waiting for purge to start
2023-07-25 23:29:52 0 [Note] InnoDB: 10.4.28 started; log sequence number 328577; transaction id 239
2023-07-25 23:29:52 0 [Note] InnoDB: Loading buffer pool(s) from C:\xampp\mysql\data\ib_buffer_pool
2023-07-25 23:29:52 0 [Note] Plugin 'FEEDBACK' is disabled.
2023-07-25 23:29:52 0 [Note] Server socket created on IP: '::'.
2023-07-25 23:29:52 0 [Note] InnoDB: Buffer pool(s) load completed at 230725 23:29:52
2023-07-25 23:29:52 0 [Note] Reading of all Master_info entries succeeded
2023-07-25 23:29:52 0 [Note] Added new Master_info '' to hash table
2023-07-25 23:29:52 0 [Note] C:\xampp\mysql\bin\mysqld.exe: ready for connections.
Version: '10.4.28-MariaDB'  socket: ''  port: 3306  mariadb.org binary distribution
2023-07-25 23:30:54 0 [Note] C:\xampp\mysql\bin\mysqld.exe (initiated by: unknown): Normal shutdown
2023-07-25 23:30:54 0 [Note] Event Scheduler: Purging the queue. 0 events
2023-07-25 23:30:54 0 [Note] InnoDB: FTS optimize thread exiting.
2023-07-25 23:30:54 0 [Note] InnoDB: Starting shutdown...
2023-07-25 23:30:54 0 [Note] InnoDB: Dumping buffer pool(s) to C:\xampp\mysql\data\ib_buffer_pool
2023-07-25 23:30:54 0 [Note] InnoDB: Instance 0, restricted to 250 pages due to innodb_buf_pool_dump_pct=25
2023-07-25 23:30:54 0 [Note] InnoDB: Buffer pool(s) dump completed at 230725 23:30:54
2023-07-25 23:30:56 0 [Note] InnoDB: Removed temporary tablespace data file: "ibtmp1"
2023-07-25 23:30:56 0 [Note] InnoDB: Shutdown completed; log sequence number 328586; transaction id 240
2023-07-25 23:30:56 0 [Note] C:\xampp\mysql\bin\mysqld.exe: Shutdown complete

2023-07-26 12:02:04 0 [Note] Starting MariaDB 10.4.28-MariaDB source revision c8f2e9a5c0ac5905f28b050b7df5a9ffd914b7e7 as process 5272
2023-07-26 12:02:04 0 [Note] InnoDB: Mutexes and rw_locks use Windows interlocked functions
2023-07-26 12:02:04 0 [Note] InnoDB: Uses event mutexes
2023-07-26 12:02:04 0 [Note] InnoDB: Compressed tables use zlib 1.2.12
2023-07-26 12:02:04 0 [Note] InnoDB: Number of pools: 1
2023-07-26 12:02:04 0 [Note] InnoDB: Using SSE2 crc32 instructions
2023-07-26 12:02:04 0 [Note] InnoDB: Initializing buffer pool, total size = 16M, instances = 1, chunk size = 16M
2023-07-26 12:02:04 0 [Note] InnoDB: Completed initialization of buffer pool
2023-07-26 12:02:04 0 [Note] InnoDB: 128 out of 128 rollback segments are active.
2023-07-26 12:02:04 0 [Note] InnoDB: Creating shared tablespace for temporary tables
2023-07-26 12:02:04 0 [Note] InnoDB: Setting file 'C:\xampp\mysql\data\ibtmp1' size to 12 MB. Physically writing the file full; Please wait ...
2023-07-26 12:02:04 0 [Note] InnoDB: File 'C:\xampp\mysql\data\ibtmp1' size is now 12 MB.
2023-07-26 12:02:04 0 [Note] InnoDB: Waiting for purge to start
2023-07-26 12:02:04 0 [Note] InnoDB: 10.4.28 started; log sequence number 328586; transaction id 239
2023-07-26 12:02:04 0 [Note] Plugin 'FEEDBACK' is disabled.
2023-07-26 12:02:04 0 [Note] InnoDB: Loading buffer pool(s) from C:\xampp\mysql\data\ib_buffer_pool
2023-07-26 12:02:04 0 [Note] Server socket created on IP: '::'.
2023-07-26 12:02:04 0 [Note] InnoDB: Buffer pool(s) load completed at 230726 12:02:04
2023-07-26 12:02:04 0 [Note] Reading of all Master_info entries succeeded
2023-07-26 12:02:04 0 [Note] Added new Master_info '' to hash table
2023-07-26 12:02:04 0 [Note] C:\xampp\mysql\bin\mysqld.exe: ready for connections.
Version: '10.4.28-MariaDB'  socket: ''  port: 3306  mariadb.org binary distribution
2023-07-26 12:58:45 0 [Note] InnoDB: Mutexes and rw_locks use Windows interlocked functions
2023-07-26 12:58:45 0 [Note] InnoDB: Uses event mutexes
2023-07-26 12:58:45 0 [Note] InnoDB: Compressed tables use zlib 1.2.12
2023-07-26 12:58:45 0 [Note] InnoDB: Number of pools: 1
2023-07-26 12:58:45 0 [Note] InnoDB: Using SSE2 crc32 instructions
2023-07-26 12:58:45 0 [Note] InnoDB: Initializing buffer pool, total size = 16M, instances = 1, chunk size = 16M
2023-07-26 12:58:45 0 [Note] InnoDB: Completed initialization of buffer pool
2023-07-26 12:58:45 0 [Note] InnoDB: Starting crash recovery from checkpoint LSN=328586
2023-07-26 12:58:46 0 [Note] InnoDB: 128 out of 128 rollback segments are active.
2023-07-26 12:58:46 0 [Note] InnoDB: Removed temporary tablespace data file: "ibtmp1"
2023-07-26 12:58:46 0 [Note] InnoDB: Creating shared tablespace for temporary tables
2023-07-26 12:58:46 0 [Note] InnoDB: Setting file 'C:\xampp\mysql\data\ibtmp1' size to 12 MB. Physically writing the file full; Please wait ...
2023-07-26 12:58:46 0 [Note] InnoDB: File 'C:\xampp\mysql\data\ibtmp1' size is now 12 MB.
2023-07-26 12:58:46 0 [Note] InnoDB: Waiting for purge to start
2023-07-26 12:58:46 0 [Note] InnoDB: 10.4.27 started; log sequence number 328595; transaction id 239
2023-07-26 12:58:46 0 [Note] InnoDB: Loading buffer pool(s) from C:\xampp\mysql\data\ib_buffer_pool
2023-07-26 12:58:46 0 [Note] Plugin 'FEEDBACK' is disabled.
2023-07-26 12:58:46 0 [Note] InnoDB: Buffer pool(s) load completed at 230726 12:58:46
2023-07-26 12:58:46 0 [Note] Server socket created on IP: '::'.
2023-07-26 13:52:58 0 [Note] Starting MariaDB 10.4.28-MariaDB source revision c8f2e9a5c0ac5905f28b050b7df5a9ffd914b7e7 as process 17588
2023-07-26 13:52:58 0 [Note] InnoDB: Mutexes and rw_locks use Windows interlocked functions
2023-07-26 13:52:58 0 [Note] InnoDB: Uses event mutexes
2023-07-26 13:52:58 0 [Note] InnoDB: Compressed tables use zlib 1.2.12
2023-07-26 13:52:58 0 [Note] InnoDB: Number of pools: 1
2023-07-26 13:52:58 0 [Note] InnoDB: Using SSE2 crc32 instructions
2023-07-26 13:52:58 0 [Note] InnoDB: Initializing buffer pool, total size = 16M, instances = 1, chunk size = 16M
2023-07-26 13:52:58 0 [Note] InnoDB: Completed initialization of buffer pool
2023-07-26 13:52:58 0 [Note] InnoDB: Starting crash recovery from checkpoint LSN=416562
2023-07-26 13:52:58 0 [Note] InnoDB: 128 out of 128 rollback segments are active.
2023-07-26 13:52:58 0 [Note] InnoDB: Creating shared tablespace for temporary tables
2023-07-26 13:52:58 0 [Note] InnoDB: Setting file 'C:\xampp\mysql\data\ibtmp1' size to 12 MB. Physically writing the file full; Please wait ...
2023-07-26 13:52:58 0 [Note] InnoDB: File 'C:\xampp\mysql\data\ibtmp1' size is now 12 MB.
2023-07-26 13:52:58 0 [Note] InnoDB: Waiting for purge to start
2023-07-26 13:52:58 0 [Note] InnoDB: 10.4.28 started; log sequence number 416571; transaction id 392
2023-07-26 13:52:58 0 [Note] Plugin 'FEEDBACK' is disabled.
2023-07-26 13:52:58 0 [Note] InnoDB: Loading buffer pool(s) from C:\xampp\mysql\data\ib_buffer_pool
2023-07-26 13:52:58 0 [Note] Server socket created on IP: '::'.
2023-07-26 13:52:58 0 [Note] Reading of all Master_info entries succeeded
2023-07-26 13:52:58 0 [Note] Added new Master_info '' to hash table
2023-07-26 13:52:58 0 [Note] C:\xampp\mysql\bin\mysqld.exe: ready for connections.
Version: '10.4.28-MariaDB'  socket: ''  port: 3306  mariadb.org binary distribution
2023-07-26 13:52:58 0 [Note] InnoDB: Buffer pool(s) load completed at 230726 13:52:58
2023-07-26 15:28:18 0 [Note] C:\xampp\mysql\bin\mysqld.exe (initiated by: unknown): Normal shutdown
2023-07-26 15:28:18 0 [Note] Event Scheduler: Purging the queue. 0 events
2023-07-26 15:28:18 0 [Note] InnoDB: FTS optimize thread exiting.
2023-07-26 15:28:18 0 [Note] InnoDB: Starting shutdown...
2023-07-26 15:28:18 0 [Note] InnoDB: Dumping buffer pool(s) to C:\xampp\mysql\data\ib_buffer_pool
2023-07-26 15:28:18 0 [Note] InnoDB: Instance 0, restricted to 250 pages due to innodb_buf_pool_dump_pct=25
2023-07-26 15:28:18 0 [Note] InnoDB: Buffer pool(s) dump completed at 230726 15:28:18
2023-07-26 15:28:19 0 [Note] InnoDB: Removed temporary tablespace data file: "ibtmp1"
2023-07-26 15:28:19 0 [Note] InnoDB: Shutdown completed; log sequence number 511012; transaction id 575
2023-07-26 15:28:19 0 [Note] C:\xampp\mysql\bin\mysqld.exe: Shutdown complete

2023-07-26 15:42:13 0 [Note] Starting MariaDB 10.4.28-MariaDB source revision c8f2e9a5c0ac5905f28b050b7df5a9ffd914b7e7 as process 12048
2023-07-26 15:42:13 0 [Note] InnoDB: Mutexes and rw_locks use Windows interlocked functions
2023-07-26 15:42:13 0 [Note] InnoDB: Uses event mutexes
2023-07-26 15:42:13 0 [Note] InnoDB: Compressed tables use zlib 1.2.12
2023-07-26 15:42:13 0 [Note] InnoDB: Number of pools: 1
2023-07-26 15:42:13 0 [Note] InnoDB: Using SSE2 crc32 instructions
2023-07-26 15:42:13 0 [Note] InnoDB: Initializing buffer pool, total size = 16M, instances = 1, chunk size = 16M
2023-07-26 15:42:13 0 [Note] InnoDB: Completed initialization of buffer pool
2023-07-26 15:42:13 0 [Note] InnoDB: 128 out of 128 rollback segments are active.
2023-07-26 15:42:13 0 [Note] InnoDB: Creating shared tablespace for temporary tables
2023-07-26 15:42:13 0 [Note] InnoDB: Setting file 'C:\xampp\mysql\data\ibtmp1' size to 12 MB. Physically writing the file full; Please wait ...
2023-07-26 15:42:13 0 [Note] InnoDB: File 'C:\xampp\mysql\data\ibtmp1' size is now 12 MB.
2023-07-26 15:42:13 0 [Note] InnoDB: 10.4.28 started; log sequence number 511012; transaction id 576
2023-07-26 15:42:13 0 [Note] InnoDB: Loading buffer pool(s) from C:\xampp\mysql\data\ib_buffer_pool
2023-07-26 15:42:13 0 [Note] Plugin 'FEEDBACK' is disabled.
2023-07-26 15:42:13 0 [Note] Server socket created on IP: '::'.
2023-07-26 15:42:13 0 [Note] Reading of all Master_info entries succeeded
2023-07-26 15:42:13 0 [Note] Added new Master_info '' to hash table
2023-07-26 15:42:13 0 [Note] C:\xampp\mysql\bin\mysqld.exe: ready for connections.
Version: '10.4.28-MariaDB'  socket: ''  port: 3306  mariadb.org binary distribution
2023-07-26 15:42:13 0 [Note] InnoDB: Buffer pool(s) load completed at 230726 15:42:13
2023-07-26 16:35:08 0 [Note] C:\xampp\mysql\bin\mysqld.exe (initiated by: unknown): Normal shutdown
2023-07-26 16:35:08 0 [Note] Event Scheduler: Purging the queue. 0 events
2023-07-26 16:35:08 0 [Note] InnoDB: FTS optimize thread exiting.
2023-07-26 16:35:08 0 [Note] InnoDB: Starting shutdown...
2023-07-26 16:35:08 0 [Note] InnoDB: Dumping buffer pool(s) to C:\xampp\mysql\data\ib_buffer_pool
2023-07-26 16:35:08 0 [Note] InnoDB: Instance 0, restricted to 250 pages due to innodb_buf_pool_dump_pct=25
2023-07-26 16:35:08 0 [Note] InnoDB: Buffer pool(s) dump completed at 230726 16:35:08
2023-07-26 16:35:08 0 [Note] InnoDB: Removed temporary tablespace data file: "ibtmp1"
2023-07-26 16:35:08 0 [Note] InnoDB: Shutdown completed; log sequence number 511021; transaction id 578
2023-07-26 16:35:08 0 [Note] C:\xampp\mysql\bin\mysqld.exe: Shutdown complete

2023-07-26 19:06:52 0 [Note] Starting MariaDB 10.4.28-MariaDB source revision c8f2e9a5c0ac5905f28b050b7df5a9ffd914b7e7 as process 18268
2023-07-26 19:06:52 0 [Note] InnoDB: Mutexes and rw_locks use Windows interlocked functions
2023-07-26 19:06:52 0 [Note] InnoDB: Uses event mutexes
2023-07-26 19:06:52 0 [Note] InnoDB: Compressed tables use zlib 1.2.12
2023-07-26 19:06:52 0 [Note] InnoDB: Number of pools: 1
2023-07-26 19:06:52 0 [Note] InnoDB: Using SSE2 crc32 instructions
2023-07-26 19:06:52 0 [Note] InnoDB: Initializing buffer pool, total size = 16M, instances = 1, chunk size = 16M
2023-07-26 19:06:52 0 [Note] InnoDB: Completed initialization of buffer pool
2023-07-26 19:06:52 0 [Note] InnoDB: 128 out of 128 rollback segments are active.
2023-07-26 19:06:52 0 [Note] InnoDB: Creating shared tablespace for temporary tables
2023-07-26 19:06:52 0 [Note] InnoDB: Setting file 'C:\xampp\mysql\data\ibtmp1' size to 12 MB. Physically writing the file full; Please wait ...
2023-07-26 19:06:52 0 [Note] InnoDB: File 'C:\xampp\mysql\data\ibtmp1' size is now 12 MB.
2023-07-26 19:06:52 0 [Note] InnoDB: 10.4.28 started; log sequence number 511021; transaction id 576
2023-07-26 19:06:52 0 [Note] InnoDB: Loading buffer pool(s) from C:\xampp\mysql\data\ib_buffer_pool
2023-07-26 19:06:52 0 [Note] Plugin 'FEEDBACK' is disabled.
2023-07-26 19:06:52 0 [Note] Server socket created on IP: '::'.
2023-07-26 19:06:52 0 [Note] Reading of all Master_info entries succeeded
2023-07-26 19:06:52 0 [Note] Added new Master_info '' to hash table
2023-07-26 19:06:52 0 [Note] C:\xampp\mysql\bin\mysqld.exe: ready for connections.
Version: '10.4.28-MariaDB'  socket: ''  port: 3306  mariadb.org binary distribution
2023-07-26 19:06:52 0 [Note] InnoDB: Buffer pool(s) load completed at 230726 19:06:52
2023-07-26 19:52:39 0 [Note] C:\xampp\mysql\bin\mysqld.exe (initiated by: unknown): Normal shutdown
2023-07-26 19:52:39 0 [Note] Event Scheduler: Purging the queue. 0 events
2023-07-26 19:52:39 0 [Note] InnoDB: FTS optimize thread exiting.
2023-07-26 19:52:39 0 [Note] InnoDB: Starting shutdown...
2023-07-26 19:52:39 0 [Note] InnoDB: Dumping buffer pool(s) to C:\xampp\mysql\data\ib_buffer_pool
2023-07-26 19:52:39 0 [Note] InnoDB: Instance 0, restricted to 250 pages due to innodb_buf_pool_dump_pct=25
2023-07-26 19:52:39 0 [Note] InnoDB: Buffer pool(s) dump completed at 230726 19:52:39
2023-07-26 19:52:40 0 [Note] InnoDB: Removed temporary tablespace data file: "ibtmp1"
2023-07-26 19:52:40 0 [Note] InnoDB: Shutdown completed; log sequence number 511030; transaction id 577
2023-07-26 19:52:40 0 [Note] C:\xampp\mysql\bin\mysqld.exe: Shutdown complete

2023-07-27 11:58:09 0 [Note] Starting MariaDB 10.4.28-MariaDB source revision c8f2e9a5c0ac5905f28b050b7df5a9ffd914b7e7 as process 5340
2023-07-27 11:58:09 0 [Note] InnoDB: Mutexes and rw_locks use Windows interlocked functions
2023-07-27 11:58:09 0 [Note] InnoDB: Uses event mutexes
2023-07-27 11:58:09 0 [Note] InnoDB: Compressed tables use zlib 1.2.12
2023-07-27 11:58:09 0 [Note] InnoDB: Number of pools: 1
2023-07-27 11:58:09 0 [Note] InnoDB: Using SSE2 crc32 instructions
2023-07-27 11:58:09 0 [Note] InnoDB: Initializing buffer pool, total size = 16M, instances = 1, chunk size = 16M
2023-07-27 11:58:09 0 [Note] InnoDB: Completed initialization of buffer pool
2023-07-27 11:58:09 0 [Note] InnoDB: 128 out of 128 rollback segments are active.
2023-07-27 11:58:09 0 [Note] InnoDB: Creating shared tablespace for temporary tables
2023-07-27 11:58:09 0 [Note] InnoDB: Setting file 'C:\xampp\mysql\data\ibtmp1' size to 12 MB. Physically writing the file full; Please wait ...
2023-07-27 11:58:09 0 [Note] InnoDB: File 'C:\xampp\mysql\data\ibtmp1' size is now 12 MB.
2023-07-27 11:58:09 0 [Note] InnoDB: Waiting for purge to start
2023-07-27 11:58:09 0 [Note] InnoDB: 10.4.28 started; log sequence number 511030; transaction id 576
2023-07-27 11:58:09 0 [Note] InnoDB: Loading buffer pool(s) from C:\xampp\mysql\data\ib_buffer_pool
2023-07-27 11:58:09 0 [Note] Plugin 'FEEDBACK' is disabled.
2023-07-27 11:58:09 0 [Note] Server socket created on IP: '::'.
2023-07-27 11:58:09 0 [Note] InnoDB: Buffer pool(s) load completed at 230727 11:58:09
2023-07-27 11:58:09 0 [Note] Reading of all Master_info entries succeeded
2023-07-27 11:58:09 0 [Note] Added new Master_info '' to hash table
2023-07-27 11:58:09 0 [Note] C:\xampp\mysql\bin\mysqld.exe: ready for connections.
Version: '10.4.28-MariaDB'  socket: ''  port: 3306  mariadb.org binary distribution
2023-07-27 13:14:57 0 [Note] C:\xampp\mysql\bin\mysqld.exe (initiated by: unknown): Normal shutdown
2023-07-27 13:14:57 0 [Note] InnoDB: FTS optimize thread exiting.
2023-07-27 13:14:57 0 [Note] Event Scheduler: Purging the queue. 0 events
2023-07-27 13:14:57 0 [Note] InnoDB: Starting shutdown...
2023-07-27 13:14:57 0 [Note] InnoDB: Dumping buffer pool(s) to C:\xampp\mysql\data\ib_buffer_pool
2023-07-27 13:14:57 0 [Note] InnoDB: Instance 0, restricted to 250 pages due to innodb_buf_pool_dump_pct=25
2023-07-27 13:14:57 0 [Note] InnoDB: Buffer pool(s) dump completed at 230727 13:14:57
2023-07-27 13:14:59 0 [Note] InnoDB: Removed temporary tablespace data file: "ibtmp1"
2023-07-27 13:14:59 0 [Note] InnoDB: Shutdown completed; log sequence number 522408; transaction id 636
2023-07-27 13:14:59 0 [Note] C:\xampp\mysql\bin\mysqld.exe: Shutdown complete

2023-07-27 13:25:49 0 [Note] Starting MariaDB 10.4.28-MariaDB source revision c8f2e9a5c0ac5905f28b050b7df5a9ffd914b7e7 as process 17744
2023-07-27 13:25:49 0 [Note] InnoDB: Mutexes and rw_locks use Windows interlocked functions
2023-07-27 13:25:49 0 [Note] InnoDB: Uses event mutexes
2023-07-27 13:25:49 0 [Note] InnoDB: Compressed tables use zlib 1.2.12
2023-07-27 13:25:49 0 [Note] InnoDB: Number of pools: 1
2023-07-27 13:25:49 0 [Note] InnoDB: Using SSE2 crc32 instructions
2023-07-27 13:25:49 0 [Note] InnoDB: Initializing buffer pool, total size = 16M, instances = 1, chunk size = 16M
2023-07-27 13:25:49 0 [Note] InnoDB: Completed initialization of buffer pool
2023-07-27 13:25:49 0 [Note] InnoDB: 128 out of 128 rollback segments are active.
2023-07-27 13:25:49 0 [Note] InnoDB: Creating shared tablespace for temporary tables
2023-07-27 13:25:49 0 [Note] InnoDB: Setting file 'C:\xampp\mysql\data\ibtmp1' size to 12 MB. Physically writing the file full; Please wait ...
2023-07-27 13:25:49 0 [Note] InnoDB: File 'C:\xampp\mysql\data\ibtmp1' size is now 12 MB.
2023-07-27 13:25:49 0 [Note] InnoDB: Waiting for purge to start
2023-07-27 13:25:49 0 [Note] InnoDB: 10.4.28 started; log sequence number 522408; transaction id 637
2023-07-27 13:25:49 0 [Note] InnoDB: Loading buffer pool(s) from C:\xampp\mysql\data\ib_buffer_pool
2023-07-27 13:25:49 0 [Note] Plugin 'FEEDBACK' is disabled.
2023-07-27 13:25:49 0 [Note] Server socket created on IP: '::'.
2023-07-27 13:25:49 0 [Note] Reading of all Master_info entries succeeded
2023-07-27 13:25:49 0 [Note] Added new Master_info '' to hash table
2023-07-27 13:25:49 0 [Note] mysql\bin\mysqld.exe: ready for connections.
Version: '10.4.28-MariaDB'  socket: ''  port: 3306  mariadb.org binary distribution
2023-07-27 13:25:49 0 [Note] InnoDB: Buffer pool(s) load completed at 230727 13:25:49
2023-07-27 13:29:17 0 [Note] Starting MariaDB 10.4.28-MariaDB source revision c8f2e9a5c0ac5905f28b050b7df5a9ffd914b7e7 as process 15236
2023-07-27 13:29:17 0 [Note] InnoDB: Mutexes and rw_locks use Windows interlocked functions
2023-07-27 13:29:17 0 [Note] InnoDB: Uses event mutexes
2023-07-27 13:29:17 0 [Note] InnoDB: Compressed tables use zlib 1.2.12
2023-07-27 13:29:17 0 [Note] InnoDB: Number of pools: 1
2023-07-27 13:29:17 0 [Note] InnoDB: Using SSE2 crc32 instructions
2023-07-27 13:29:17 0 [Note] InnoDB: Initializing buffer pool, total size = 16M, instances = 1, chunk size = 16M
2023-07-27 13:29:17 0 [Note] InnoDB: Completed initialization of buffer pool
2023-07-27 13:29:17 0 [Note] InnoDB: Starting crash recovery from checkpoint LSN=522408
2023-07-27 13:29:17 0 [Note] InnoDB: 128 out of 128 rollback segments are active.
2023-07-27 13:29:17 0 [Note] InnoDB: Removed temporary tablespace data file: "ibtmp1"
2023-07-27 13:29:17 0 [Note] InnoDB: Creating shared tablespace for temporary tables
2023-07-27 13:29:17 0 [Note] InnoDB: Setting file 'C:\xampp\mysql\data\ibtmp1' size to 12 MB. Physically writing the file full; Please wait ...
2023-07-27 13:29:17 0 [Note] InnoDB: File 'C:\xampp\mysql\data\ibtmp1' size is now 12 MB.
2023-07-27 13:29:17 0 [Note] InnoDB: Waiting for purge to start
2023-07-27 13:29:18 0 [Note] InnoDB: 10.4.28 started; log sequence number 522417; transaction id 637
2023-07-27 13:29:18 0 [Note] InnoDB: Loading buffer pool(s) from C:\xampp\mysql\data\ib_buffer_pool
2023-07-27 13:29:18 0 [Note] Plugin 'FEEDBACK' is disabled.
2023-07-27 13:29:18 0 [Note] Server socket created on IP: '::'.
2023-07-27 13:30:40 0 [Note] Starting MariaDB 10.4.28-MariaDB source revision c8f2e9a5c0ac5905f28b050b7df5a9ffd914b7e7 as process 5496
2023-07-27 13:30:40 0 [Note] InnoDB: Mutexes and rw_locks use Windows interlocked functions
2023-07-27 13:30:40 0 [Note] InnoDB: Uses event mutexes
2023-07-27 13:30:40 0 [Note] InnoDB: Compressed tables use zlib 1.2.12
2023-07-27 13:30:40 0 [Note] InnoDB: Number of pools: 1
2023-07-27 13:30:40 0 [Note] InnoDB: Using SSE2 crc32 instructions
2023-07-27 13:30:40 0 [Note] InnoDB: Initializing buffer pool, total size = 16M, instances = 1, chunk size = 16M
2023-07-27 13:30:40 0 [Note] InnoDB: Completed initialization of buffer pool
2023-07-27 13:30:40 0 [Note] InnoDB: Starting crash recovery from checkpoint LSN=522426
2023-07-27 13:30:40 0 [Note] InnoDB: 128 out of 128 rollback segments are active.
2023-07-27 13:30:40 0 [Note] InnoDB: Removed temporary tablespace data file: "ibtmp1"
2023-07-27 13:30:40 0 [Note] InnoDB: Creating shared tablespace for temporary tables
2023-07-27 13:30:40 0 [Note] InnoDB: Setting file 'C:\xampp\mysql\data\ibtmp1' size to 12 MB. Physically writing the file full; Please wait ...
2023-07-27 13:30:40 0 [Note] InnoDB: File 'C:\xampp\mysql\data\ibtmp1' size is now 12 MB.
2023-07-27 13:30:40 0 [Note] InnoDB: Waiting for purge to start
2023-07-27 13:30:40 0 [Note] InnoDB: 10.4.28 started; log sequence number 522435; transaction id 637
2023-07-27 13:30:40 0 [Note] Plugin 'FEEDBACK' is disabled.
2023-07-27 13:30:40 0 [Note] InnoDB: Loading buffer pool(s) from C:\xampp\mysql\data\ib_buffer_pool
2023-07-27 13:30:40 0 [Note] Server socket created on IP: '::'.
2023-08-01 19:55:37 0 [Note] Starting MariaDB 10.4.28-MariaDB source revision c8f2e9a5c0ac5905f28b050b7df5a9ffd914b7e7 as process 18404
2023-08-01 19:55:37 0 [Note] InnoDB: Mutexes and rw_locks use Windows interlocked functions
2023-08-01 19:55:37 0 [Note] InnoDB: Uses event mutexes
2023-08-01 19:55:37 0 [Note] InnoDB: Compressed tables use zlib 1.2.12
2023-08-01 19:55:37 0 [Note] InnoDB: Number of pools: 1
2023-08-01 19:55:37 0 [Note] InnoDB: Using SSE2 crc32 instructions
2023-08-01 19:55:37 0 [Note] InnoDB: Initializing buffer pool, total size = 16M, instances = 1, chunk size = 16M
2023-08-01 19:55:37 0 [Note] InnoDB: Completed initialization of buffer pool
2023-08-01 19:55:37 0 [Note] InnoDB: Starting crash recovery from checkpoint LSN=1484852
2023-08-01 19:55:37 0 [Note] InnoDB: 128 out of 128 rollback segments are active.
2023-08-01 19:55:37 0 [Note] InnoDB: Removed temporary tablespace data file: "ibtmp1"
2023-08-01 19:55:37 0 [Note] InnoDB: Creating shared tablespace for temporary tables
2023-08-01 19:55:37 0 [Note] InnoDB: Setting file 'C:\xampp\mysql\data\ibtmp1' size to 12 MB. Physically writing the file full; Please wait ...
2023-08-01 19:55:37 0 [Note] InnoDB: File 'C:\xampp\mysql\data\ibtmp1' size is now 12 MB.
2023-08-01 19:55:37 0 [Note] InnoDB: Waiting for purge to start
2023-08-01 19:55:38 0 [Note] InnoDB: 10.4.28 started; log sequence number 1484861; transaction id 1333
2023-08-01 19:55:38 0 [Note] InnoDB: Loading buffer pool(s) from C:\xampp\mysql\data\ib_buffer_pool
2023-08-01 19:55:38 0 [Note] Plugin 'FEEDBACK' is disabled.
2023-08-01 19:55:38 0 [Note] Server socket created on IP: '::'.
2023-08-01 20:01:12 0 [Note] Starting MariaDB 10.4.28-MariaDB source revision c8f2e9a5c0ac5905f28b050b7df5a9ffd914b7e7 as process 8176
2023-08-01 20:01:12 0 [Note] InnoDB: Mutexes and rw_locks use Windows interlocked functions
2023-08-01 20:01:12 0 [Note] InnoDB: Uses event mutexes
2023-08-01 20:01:12 0 [Note] InnoDB: Compressed tables use zlib 1.2.12
2023-08-01 20:01:12 0 [Note] InnoDB: Number of pools: 1
2023-08-01 20:01:12 0 [Note] InnoDB: Using SSE2 crc32 instructions
2023-08-01 20:01:12 0 [Note] InnoDB: Initializing buffer pool, total size = 16M, instances = 1, chunk size = 16M
2023-08-01 20:01:12 0 [Note] InnoDB: Completed initialization of buffer pool
2023-08-01 20:01:12 0 [Note] InnoDB: 128 out of 128 rollback segments are active.
2023-08-01 20:01:12 0 [Note] InnoDB: Creating shared tablespace for temporary tables
2023-08-01 20:01:12 0 [Note] InnoDB: Setting file 'C:\xampp\mysql\data\ibtmp1' size to 12 MB. Physically writing the file full; Please wait ...
2023-08-01 20:01:12 0 [Note] InnoDB: File 'C:\xampp\mysql\data\ibtmp1' size is now 12 MB.
2023-08-01 20:01:12 0 [Note] InnoDB: Waiting for purge to start
2023-08-01 20:01:12 0 [Note] InnoDB: 10.4.28 started; log sequence number 1484870; transaction id 1333
2023-08-01 20:01:12 0 [Note] InnoDB: Loading buffer pool(s) from C:\xampp\mysql\data\ib_buffer_pool
2023-08-01 20:01:12 0 [Note] Plugin 'FEEDBACK' is disabled.
2023-08-01 20:01:12 0 [Note] Server socket created on IP: '::'.
2023-08-06 14:13:36 0 [Note] Starting MariaDB 10.4.28-MariaDB source revision c8f2e9a5c0ac5905f28b050b7df5a9ffd914b7e7 as process 3124
2023-08-06 14:13:36 0 [Note] InnoDB: Mutexes and rw_locks use Windows interlocked functions
2023-08-06 14:13:36 0 [Note] InnoDB: Uses event mutexes
2023-08-06 14:13:36 0 [Note] InnoDB: Compressed tables use zlib 1.2.12
2023-08-06 14:13:36 0 [Note] InnoDB: Number of pools: 1
2023-08-06 14:13:36 0 [Note] InnoDB: Using SSE2 crc32 instructions
2023-08-06 14:13:36 0 [Note] InnoDB: Initializing buffer pool, total size = 16M, instances = 1, chunk size = 16M
2023-08-06 14:13:36 0 [Note] InnoDB: Completed initialization of buffer pool
2023-08-06 14:13:36 0 [Note] InnoDB: Starting crash recovery from checkpoint LSN=1532534
2023-08-06 14:13:36 0 [Note] InnoDB: 128 out of 128 rollback segments are active.
2023-08-06 14:13:36 0 [Note] InnoDB: Removed temporary tablespace data file: "ibtmp1"
2023-08-06 14:13:36 0 [Note] InnoDB: Creating shared tablespace for temporary tables
2023-08-06 14:13:36 0 [Note] InnoDB: Setting file 'C:\xampp\mysql\data\ibtmp1' size to 12 MB. Physically writing the file full; Please wait ...
2023-08-06 14:13:36 0 [Note] InnoDB: File 'C:\xampp\mysql\data\ibtmp1' size is now 12 MB.
2023-08-06 14:13:36 0 [Note] InnoDB: Waiting for purge to start
2023-08-06 14:13:36 0 [Note] InnoDB: 10.4.28 started; log sequence number 1532543; transaction id 1397
2023-08-06 14:13:36 0 [Note] InnoDB: Loading buffer pool(s) from C:\xampp\mysql\data\ib_buffer_pool
2023-08-06 14:13:36 0 [Note] Plugin 'FEEDBACK' is disabled.
2023-08-06 14:13:36 0 [Note] Server socket created on IP: '::'.
2023-08-06 15:30:27 0 [Note] InnoDB: Mutexes and rw_locks use Windows interlocked functions
2023-08-06 15:30:27 0 [Note] InnoDB: Uses event mutexes
2023-08-06 15:30:27 0 [Note] InnoDB: Compressed tables use zlib 1.2.12
2023-08-06 15:30:27 0 [Note] InnoDB: Number of pools: 1
2023-08-06 15:30:27 0 [Note] InnoDB: Using SSE2 crc32 instructions
2023-08-06 15:30:27 0 [Note] InnoDB: Initializing buffer pool, total size = 16M, instances = 1, chunk size = 16M
2023-08-06 15:30:27 0 [Note] InnoDB: Completed initialization of buffer pool
2023-08-06 15:30:27 0 [Note] InnoDB: Starting crash recovery from checkpoint LSN=1555678
2023-08-06 15:30:27 0 [ERROR] InnoDB: Operating system error number 3 in a file operation.
2023-08-06 15:30:27 0 [ERROR] InnoDB: The error means the system cannot find the path specified.
2023-08-06 15:30:27 0 [ERROR] InnoDB: If you are installing InnoDB, remember that you must create directories yourself, InnoDB does not create them.
2023-08-06 15:30:27 0 [ERROR] InnoDB: Cannot open datafile for read-only: '.\chps\resultk1.ibd' OS error: 203
2023-08-06 15:30:27 0 [ERROR] InnoDB: Operating system error number 203 in a file operation.
2023-08-06 15:30:27 0 [Note] InnoDB: Some operating system error numbers are described at https://mariadb.com/kb/en/library/operating-system-error-codes/
2023-08-06 15:30:27 0 [ERROR] InnoDB: Could not find a valid tablespace file for ``chps`.`resultk1``. Please refer to https://mariadb.com/kb/en/innodb-data-dictionary-troubleshooting/ for how to resolve the issue.
2023-08-06 15:30:27 0 [Warning] InnoDB: Ignoring tablespace for `chps`.`resultk1` because it could not be opened.
2023-08-06 15:30:27 0 [ERROR] InnoDB: Operating system error number 3 in a file operation.
2023-08-06 15:30:27 0 [ERROR] InnoDB: The error means the system cannot find the path specified.
2023-08-06 15:30:27 0 [ERROR] InnoDB: If you are installing InnoDB, remember that you must create directories yourself, InnoDB does not create them.
2023-08-06 15:30:27 0 [ERROR] InnoDB: Cannot open datafile for read-only: '.\chps\resultk2.ibd' OS error: 203
2023-08-06 15:30:27 0 [ERROR] InnoDB: Operating system error number 203 in a file operation.
2023-08-06 15:30:27 0 [Note] InnoDB: Some operating system error numbers are described at https://mariadb.com/kb/en/library/operating-system-error-codes/
2023-08-06 15:30:27 0 [ERROR] InnoDB: Could not find a valid tablespace file for ``chps`.`resultk2``. Please refer to https://mariadb.com/kb/en/innodb-data-dictionary-troubleshooting/ for how to resolve the issue.
2023-08-06 15:30:27 0 [Warning] InnoDB: Ignoring tablespace for `chps`.`resultk2` because it could not be opened.
2023-08-06 15:30:27 0 [ERROR] InnoDB: Operating system error number 3 in a file operation.
2023-08-06 15:30:27 0 [ERROR] InnoDB: The error means the system cannot find the path specified.
2023-08-06 15:30:27 0 [ERROR] InnoDB: If you are installing InnoDB, remember that you must create directories yourself, InnoDB does not create them.
2023-08-06 15:30:27 0 [ERROR] InnoDB: Cannot open datafile for read-only: '.\chps\resultk3.ibd' OS error: 203
2023-08-06 15:30:27 0 [ERROR] InnoDB: Operating system error number 203 in a file operation.
2023-08-06 15:30:27 0 [Note] InnoDB: Some operating system error numbers are described at https://mariadb.com/kb/en/library/operating-system-error-codes/
2023-08-06 15:30:27 0 [ERROR] InnoDB: Could not find a valid tablespace file for ``chps`.`resultk3``. Please refer to https://mariadb.com/kb/en/innodb-data-dictionary-troubleshooting/ for how to resolve the issue.
2023-08-06 15:30:27 0 [Warning] InnoDB: Ignoring tablespace for `chps`.`resultk3` because it could not be opened.
2023-08-06 15:30:27 0 [ERROR] InnoDB: Operating system error number 3 in a file operation.
2023-08-06 15:30:27 0 [ERROR] InnoDB: The error means the system cannot find the path specified.
2023-08-06 15:30:27 0 [ERROR] InnoDB: If you are installing InnoDB, remember that you must create directories yourself, InnoDB does not create them.
2023-08-06 15:30:27 0 [ERROR] InnoDB: Cannot open datafile for read-only: '.\chps\student.ibd' OS error: 203
2023-08-06 15:30:27 0 [ERROR] InnoDB: Operating system error number 203 in a file operation.
2023-08-06 15:30:27 0 [Note] InnoDB: Some operating system error numbers are described at https://mariadb.com/kb/en/library/operating-system-error-codes/
2023-08-06 15:30:27 0 [ERROR] InnoDB: Could not find a valid tablespace file for ``chps`.`student``. Please refer to https://mariadb.com/kb/en/innodb-data-dictionary-troubleshooting/ for how to resolve the issue.
2023-08-06 15:30:27 0 [Warning] InnoDB: Ignoring tablespace for `chps`.`student` because it could not be opened.
2023-08-06 15:30:28 0 [Note] InnoDB: 128 out of 128 rollback segments are active.
2023-08-06 15:30:28 0 [Note] InnoDB: Removed temporary tablespace data file: "ibtmp1"
2023-08-06 15:30:28 0 [Note] InnoDB: Creating shared tablespace for temporary tables
2023-08-06 15:30:28 0 [Note] InnoDB: Setting file 'C:\xampp\mysql\data\ibtmp1' size to 12 MB. Physically writing the file full; Please wait ...
2023-08-06 15:30:28 0 [Note] InnoDB: File 'C:\xampp\mysql\data\ibtmp1' size is now 12 MB.
2023-08-06 15:30:28 0 [Note] InnoDB: Waiting for purge to start
2023-08-06 15:30:28 0 [Note] InnoDB: 10.4.27 started; log sequence number 1555687; transaction id 1443
2023-08-06 15:30:28 0 [Note] InnoDB: Loading buffer pool(s) from C:\xampp\mysql\data\ib_buffer_pool
2023-08-06 15:30:28 0 [Note] Plugin 'FEEDBACK' is disabled.
2023-08-06 15:30:28 0 [Note] Server socket created on IP: '::'.
2023-08-06 16:19:28 0 [Note] Starting MariaDB 10.4.28-MariaDB source revision c8f2e9a5c0ac5905f28b050b7df5a9ffd914b7e7 as process 7084
2023-08-06 16:19:28 0 [Note] InnoDB: Mutexes and rw_locks use Windows interlocked functions
2023-08-06 16:19:28 0 [Note] InnoDB: Uses event mutexes
2023-08-06 16:19:28 0 [Note] InnoDB: Compressed tables use zlib 1.2.12
2023-08-06 16:19:28 0 [Note] InnoDB: Number of pools: 1
2023-08-06 16:19:28 0 [Note] InnoDB: Using SSE2 crc32 instructions
2023-08-06 16:19:28 0 [Note] InnoDB: Initializing buffer pool, total size = 16M, instances = 1, chunk size = 16M
2023-08-06 16:19:28 0 [Note] InnoDB: Completed initialization of buffer pool
2023-08-06 16:19:28 0 [Note] InnoDB: Starting crash recovery from checkpoint LSN=1572715
2023-08-06 16:19:28 0 [Note] InnoDB: 128 out of 128 rollback segments are active.
2023-08-06 16:19:28 0 [Note] InnoDB: Removed temporary tablespace data file: "ibtmp1"
2023-08-06 16:19:28 0 [Note] InnoDB: Creating shared tablespace for temporary tables
2023-08-06 16:19:28 0 [Note] InnoDB: Setting file 'C:\xampp\mysql\data\ibtmp1' size to 12 MB. Physically writing the file full; Please wait ...
2023-08-06 16:19:28 0 [Note] InnoDB: File 'C:\xampp\mysql\data\ibtmp1' size is now 12 MB.
2023-08-06 16:19:28 0 [Note] InnoDB: Waiting for purge to start
2023-08-06 16:19:28 0 [Note] InnoDB: 10.4.28 started; log sequence number 1572724; transaction id 1488
2023-08-06 16:19:28 0 [Note] InnoDB: Loading buffer pool(s) from C:\xampp\mysql\data\ib_buffer_pool
2023-08-06 16:19:28 0 [Note] Plugin 'FEEDBACK' is disabled.
2023-08-06 16:19:28 0 [Note] Server socket created on IP: '::'.
2023-08-07 16:41:06 0 [Note] Starting MariaDB 10.4.28-MariaDB source revision c8f2e9a5c0ac5905f28b050b7df5a9ffd914b7e7 as process 18336
2023-08-07 16:41:06 0 [Note] InnoDB: Mutexes and rw_locks use Windows interlocked functions
2023-08-07 16:41:06 0 [Note] InnoDB: Uses event mutexes
2023-08-07 16:41:06 0 [Note] InnoDB: Compressed tables use zlib 1.2.12
2023-08-07 16:41:06 0 [Note] InnoDB: Number of pools: 1
2023-08-07 16:41:06 0 [Note] InnoDB: Using SSE2 crc32 instructions
2023-08-07 16:41:06 0 [Note] InnoDB: Initializing buffer pool, total size = 16M, instances = 1, chunk size = 16M
2023-08-07 16:41:06 0 [Note] InnoDB: Completed initialization of buffer pool
2023-08-07 16:41:06 0 [Note] InnoDB: Starting crash recovery from checkpoint LSN=1750249
2023-08-07 16:41:07 0 [Note] InnoDB: 128 out of 128 rollback segments are active.
2023-08-07 16:41:07 0 [Note] InnoDB: Removed temporary tablespace data file: "ibtmp1"
2023-08-07 16:41:07 0 [Note] InnoDB: Creating shared tablespace for temporary tables
2023-08-07 16:41:07 0 [Note] InnoDB: Setting file 'C:\xampp\mysql\data\ibtmp1' size to 12 MB. Physically writing the file full; Please wait ...
2023-08-07 16:41:07 0 [Note] InnoDB: File 'C:\xampp\mysql\data\ibtmp1' size is now 12 MB.
2023-08-07 16:41:07 0 [Note] InnoDB: Waiting for purge to start
2023-08-07 16:41:07 0 [Note] InnoDB: 10.4.28 started; log sequence number 1750258; transaction id 1970
2023-08-07 16:41:07 0 [Note] InnoDB: Loading buffer pool(s) from C:\xampp\mysql\data\ib_buffer_pool
2023-08-07 16:41:07 0 [Note] Plugin 'FEEDBACK' is disabled.
2023-08-07 16:41:07 0 [Note] Server socket created on IP: '::'.
2023-08-07 19:22:37 0 [Note] Starting MariaDB 10.4.28-MariaDB source revision c8f2e9a5c0ac5905f28b050b7df5a9ffd914b7e7 as process 16772
2023-08-07 19:22:37 0 [Note] InnoDB: Mutexes and rw_locks use Windows interlocked functions
2023-08-07 19:22:37 0 [Note] InnoDB: Uses event mutexes
2023-08-07 19:22:37 0 [Note] InnoDB: Compressed tables use zlib 1.2.12
2023-08-07 19:22:37 0 [Note] InnoDB: Number of pools: 1
2023-08-07 19:22:37 0 [Note] InnoDB: Using SSE2 crc32 instructions
2023-08-07 19:22:37 0 [Note] InnoDB: Initializing buffer pool, total size = 16M, instances = 1, chunk size = 16M
2023-08-07 19:22:37 0 [Note] InnoDB: Completed initialization of buffer pool
2023-08-07 19:22:37 0 [Note] InnoDB: Starting crash recovery from checkpoint LSN=1781700
2023-08-07 19:22:37 0 [Note] InnoDB: 128 out of 128 rollback segments are active.
2023-08-07 19:22:37 0 [Note] InnoDB: Removed temporary tablespace data file: "ibtmp1"
2023-08-07 19:22:37 0 [Note] InnoDB: Creating shared tablespace for temporary tables
2023-08-07 19:22:37 0 [Note] InnoDB: Setting file 'C:\xampp\mysql\data\ibtmp1' size to 12 MB. Physically writing the file full; Please wait ...
2023-08-07 19:22:37 0 [Note] InnoDB: File 'C:\xampp\mysql\data\ibtmp1' size is now 12 MB.
2023-08-07 19:22:37 0 [Note] InnoDB: Waiting for purge to start
2023-08-07 19:22:37 0 [Note] InnoDB: 10.4.28 started; log sequence number 1781709; transaction id 2105
2023-08-07 19:22:37 0 [Note] InnoDB: Loading buffer pool(s) from C:\xampp\mysql\data\ib_buffer_pool
2023-08-07 19:22:37 0 [Note] Plugin 'FEEDBACK' is disabled.
2023-08-07 19:22:37 0 [Note] Server socket created on IP: '::'.
2023-08-07 19:22:37 0 [Note] Reading of all Master_info entries succeeded
2023-08-07 19:22:37 0 [Note] Added new Master_info '' to hash table
2023-08-07 19:22:37 0 [Note] c:\xampp\mysql\bin\mysqld.exe: ready for connections.
Version: '10.4.28-MariaDB'  socket: ''  port: 3306  mariadb.org binary distribution
2023-08-07 19:22:37 0 [Note] InnoDB: Buffer pool(s) load completed at 230807 19:22:37
2023-08-10 12:16:05 0 [Note] Starting MariaDB 10.4.28-MariaDB source revision c8f2e9a5c0ac5905f28b050b7df5a9ffd914b7e7 as process 17344
2023-08-10 12:16:05 0 [Note] InnoDB: Mutexes and rw_locks use Windows interlocked functions
2023-08-10 12:16:05 0 [Note] InnoDB: Uses event mutexes
2023-08-10 12:16:05 0 [Note] InnoDB: Compressed tables use zlib 1.2.12
2023-08-10 12:16:05 0 [Note] InnoDB: Number of pools: 1
2023-08-10 12:16:05 0 [Note] InnoDB: Using SSE2 crc32 instructions
2023-08-10 12:16:05 0 [Note] InnoDB: Initializing buffer pool, total size = 16M, instances = 1, chunk size = 16M
2023-08-10 12:16:05 0 [Note] InnoDB: Completed initialization of buffer pool
2023-08-10 12:16:05 0 [Note] InnoDB: Starting crash recovery from checkpoint LSN=1781718
2023-08-10 12:16:05 0 [Note] InnoDB: 128 out of 128 rollback segments are active.
2023-08-10 12:16:05 0 [Note] InnoDB: Removed temporary tablespace data file: "ibtmp1"
2023-08-10 12:16:05 0 [Note] InnoDB: Creating shared tablespace for temporary tables
2023-08-10 12:16:05 0 [Note] InnoDB: Setting file 'C:\xampp\mysql\data\ibtmp1' size to 12 MB. Physically writing the file full; Please wait ...
2023-08-10 12:16:05 0 [Note] InnoDB: File 'C:\xampp\mysql\data\ibtmp1' size is now 12 MB.
2023-08-10 12:16:05 0 [Note] InnoDB: Waiting for purge to start
2023-08-10 12:16:05 0 [Note] InnoDB: 10.4.28 started; log sequence number 1781727; transaction id 2105
2023-08-10 12:16:05 0 [Note] InnoDB: Loading buffer pool(s) from C:\xampp\mysql\data\ib_buffer_pool
2023-08-10 12:16:05 0 [Note] Plugin 'FEEDBACK' is disabled.
2023-08-10 12:16:05 0 [ERROR] InnoDB: Expected tablespace id 4 but found 4294967294 in the file .\mysql\gtid_slave_pos.ibd
2023-08-10 12:16:05 0 [Note] InnoDB: trying to read page [page id: space=4, page number=0] in the background in a non-existing or being-dropped tablespace
2023-08-10 12:16:05 0 [ERROR] InnoDB: Expected tablespace id 4 but found 4294967294 in the file .\mysql\gtid_slave_pos.ibd
2023-08-10 12:16:05 0 [Note] InnoDB: trying to read page [page id: space=4, page number=1] in the background in a non-existing or being-dropped tablespace
2023-08-10 12:16:05 0 [ERROR] InnoDB: Expected tablespace id 4 but found 4294967294 in the file .\mysql\gtid_slave_pos.ibd
2023-08-10 12:16:05 0 [Note] InnoDB: trying to read page [page id: space=4, page number=3] in the background in a non-existing or being-dropped tablespace
2023-08-10 12:16:05 0 [Note] Server socket created on IP: '::'.
2023-08-12 10:43:28 0 [Note] Starting MariaDB 10.4.28-MariaDB source revision c8f2e9a5c0ac5905f28b050b7df5a9ffd914b7e7 as process 13448
2023-08-12 10:43:28 0 [Note] InnoDB: Mutexes and rw_locks use Windows interlocked functions
2023-08-12 10:43:28 0 [Note] InnoDB: Uses event mutexes
2023-08-12 10:43:28 0 [Note] InnoDB: Compressed tables use zlib 1.2.12
2023-08-12 10:43:28 0 [Note] InnoDB: Number of pools: 1
2023-08-12 10:43:28 0 [Note] InnoDB: Using SSE2 crc32 instructions
2023-08-12 10:43:28 0 [Note] InnoDB: Initializing buffer pool, total size = 16M, instances = 1, chunk size = 16M
2023-08-12 10:43:28 0 [Note] InnoDB: Completed initialization of buffer pool
2023-08-12 10:43:28 0 [Note] InnoDB: Starting crash recovery from checkpoint LSN=1808171
2023-08-12 10:43:29 0 [Note] InnoDB: 128 out of 128 rollback segments are active.
2023-08-12 10:43:29 0 [Note] InnoDB: Removed temporary tablespace data file: "ibtmp1"
2023-08-12 10:43:29 0 [Note] InnoDB: Creating shared tablespace for temporary tables
2023-08-12 10:43:29 0 [Note] InnoDB: Setting file 'C:\xampp\mysql\data\ibtmp1' size to 12 MB. Physically writing the file full; Please wait ...
2023-08-12 10:43:29 0 [Note] InnoDB: File 'C:\xampp\mysql\data\ibtmp1' size is now 12 MB.
2023-08-12 10:43:29 0 [Note] InnoDB: Waiting for purge to start
2023-08-12 10:43:29 0 [Note] InnoDB: 10.4.28 started; log sequence number 1808180; transaction id 2248
2023-08-12 10:43:29 0 [Note] InnoDB: Loading buffer pool(s) from C:\xampp\mysql\data\ib_buffer_pool
2023-08-12 10:43:29 0 [Note] Plugin 'FEEDBACK' is disabled.
2023-08-12 10:43:29 0 [ERROR] InnoDB: Expected tablespace id 4 but found 4294967294 in the file .\mysql\gtid_slave_pos.ibd
2023-08-12 10:43:29 0 [Note] InnoDB: trying to read page [page id: space=4, page number=0] in the background in a non-existing or being-dropped tablespace
2023-08-12 10:43:29 0 [ERROR] InnoDB: Expected tablespace id 4 but found 4294967294 in the file .\mysql\gtid_slave_pos.ibd
2023-08-12 10:43:29 0 [Note] InnoDB: trying to read page [page id: space=4, page number=1] in the background in a non-existing or being-dropped tablespace
2023-08-12 10:43:29 0 [ERROR] InnoDB: Expected tablespace id 4 but found 4294967294 in the file .\mysql\gtid_slave_pos.ibd
2023-08-12 10:43:29 0 [Note] InnoDB: trying to read page [page id: space=4, page number=3] in the background in a non-existing or being-dropped tablespace
2023-08-12 10:43:29 0 [Note] Server socket created on IP: '::'.
2023-08-14  9:13:41 0 [Note] Starting MariaDB 10.4.28-MariaDB source revision c8f2e9a5c0ac5905f28b050b7df5a9ffd914b7e7 as process 17780
2023-08-14  9:13:41 0 [Note] mysqld.exe: Aria engine: starting recovery
recovered pages: 0% 76% 100% (0.0 seconds); tables to flush: 1 0
 (0.0 seconds); 
2023-08-14  9:13:41 0 [Note] mysqld.exe: Aria engine: recovery done
2023-08-14  9:13:41 0 [Note] InnoDB: Mutexes and rw_locks use Windows interlocked functions
2023-08-14  9:13:41 0 [Note] InnoDB: Uses event mutexes
2023-08-14  9:13:41 0 [Note] InnoDB: Compressed tables use zlib 1.2.12
2023-08-14  9:13:41 0 [Note] InnoDB: Number of pools: 1
2023-08-14  9:13:41 0 [Note] InnoDB: Using SSE2 crc32 instructions
2023-08-14  9:13:41 0 [Note] InnoDB: Initializing buffer pool, total size = 16M, instances = 1, chunk size = 16M
2023-08-14  9:13:41 0 [Note] InnoDB: Completed initialization of buffer pool
2023-08-14  9:13:41 0 [Note] InnoDB: Starting crash recovery from checkpoint LSN=1828888
2023-08-14  9:13:42 0 [Note] InnoDB: 128 out of 128 rollback segments are active.
2023-08-14  9:13:42 0 [Note] InnoDB: Removed temporary tablespace data file: "ibtmp1"
2023-08-14  9:13:42 0 [Note] InnoDB: Creating shared tablespace for temporary tables
2023-08-14  9:13:42 0 [Note] InnoDB: Setting file 'C:\xampp\mysql\data\ibtmp1' size to 12 MB. Physically writing the file full; Please wait ...
2023-08-14  9:13:42 0 [Note] InnoDB: File 'C:\xampp\mysql\data\ibtmp1' size is now 12 MB.
2023-08-14  9:13:42 0 [Note] InnoDB: Waiting for purge to start
2023-08-14  9:13:42 0 [Note] InnoDB: 10.4.28 started; log sequence number 1828897; transaction id 2317
2023-08-14  9:13:42 0 [Note] InnoDB: Loading buffer pool(s) from C:\xampp\mysql\data\ib_buffer_pool
2023-08-14  9:13:42 0 [Note] Plugin 'FEEDBACK' is disabled.
2023-08-14  9:13:42 0 [ERROR] InnoDB: Expected tablespace id 4 but found 4294967294 in the file .\mysql\gtid_slave_pos.ibd
2023-08-14  9:13:42 0 [Note] InnoDB: trying to read page [page id: space=4, page number=0] in the background in a non-existing or being-dropped tablespace
2023-08-14  9:13:42 0 [ERROR] InnoDB: Expected tablespace id 4 but found 4294967294 in the file .\mysql\gtid_slave_pos.ibd
2023-08-14  9:13:42 0 [Note] InnoDB: trying to read page [page id: space=4, page number=1] in the background in a non-existing or being-dropped tablespace
2023-08-14  9:13:42 0 [ERROR] InnoDB: Expected tablespace id 4 but found 4294967294 in the file .\mysql\gtid_slave_pos.ibd
2023-08-14  9:13:42 0 [Note] InnoDB: trying to read page [page id: space=4, page number=3] in the background in a non-existing or being-dropped tablespace
2023-08-14  9:13:42 0 [Note] Server socket created on IP: '::'.
2023-08-14 11:47:36 0 [Note] Starting MariaDB 10.4.28-MariaDB source revision c8f2e9a5c0ac5905f28b050b7df5a9ffd914b7e7 as process 7196
2023-08-14 11:47:36 0 [Note] InnoDB: Mutexes and rw_locks use Windows interlocked functions
2023-08-14 11:47:36 0 [Note] InnoDB: Uses event mutexes
2023-08-14 11:47:36 0 [Note] InnoDB: Compressed tables use zlib 1.2.12
2023-08-14 11:47:36 0 [Note] InnoDB: Number of pools: 1
2023-08-14 11:47:36 0 [Note] InnoDB: Using SSE2 crc32 instructions
2023-08-14 11:47:36 0 [Note] InnoDB: Initializing buffer pool, total size = 16M, instances = 1, chunk size = 16M
2023-08-14 11:47:36 0 [Note] InnoDB: Completed initialization of buffer pool
2023-08-14 11:47:36 0 [Note] InnoDB: Starting crash recovery from checkpoint LSN=1837613
2023-08-14 11:47:36 0 [Note] InnoDB: 128 out of 128 rollback segments are active.
2023-08-14 11:47:36 0 [Note] InnoDB: Removed temporary tablespace data file: "ibtmp1"
2023-08-14 11:47:36 0 [Note] InnoDB: Creating shared tablespace for temporary tables
2023-08-14 11:47:36 0 [Note] InnoDB: Setting file 'C:\xampp\mysql\data\ibtmp1' size to 12 MB. Physically writing the file full; Please wait ...
2023-08-14 11:47:36 0 [Note] InnoDB: File 'C:\xampp\mysql\data\ibtmp1' size is now 12 MB.
2023-08-14 11:47:36 0 [Note] InnoDB: Waiting for purge to start
2023-08-14 11:47:37 0 [Note] InnoDB: 10.4.28 started; log sequence number 1837622; transaction id 2347
2023-08-14 11:47:37 0 [Note] InnoDB: Loading buffer pool(s) from C:\xampp\mysql\data\ib_buffer_pool
2023-08-14 11:47:37 0 [Note] Plugin 'FEEDBACK' is disabled.
2023-08-14 11:47:37 0 [ERROR] InnoDB: Expected tablespace id 4 but found 4294967294 in the file .\mysql\gtid_slave_pos.ibd
2023-08-14 11:47:37 0 [Note] InnoDB: trying to read page [page id: space=4, page number=0] in the background in a non-existing or being-dropped tablespace
2023-08-14 11:47:37 0 [ERROR] InnoDB: Expected tablespace id 4 but found 4294967294 in the file .\mysql\gtid_slave_pos.ibd
2023-08-14 11:47:37 0 [Note] InnoDB: trying to read page [page id: space=4, page number=1] in the background in a non-existing or being-dropped tablespace
2023-08-14 11:47:37 0 [ERROR] InnoDB: Expected tablespace id 4 but found 4294967294 in the file .\mysql\gtid_slave_pos.ibd
2023-08-14 11:47:37 0 [Note] InnoDB: trying to read page [page id: space=4, page number=3] in the background in a non-existing or being-dropped tablespace
2023-08-14 11:47:37 0 [Note] Server socket created on IP: '::'.
